[2022-01-31 20:43:43.064] [exthost] [info] Extension host with pid 193512 started
[2022-01-31 20:43:43.129] [exthost] [info] ExtensionService#_doActivateExtension vscode.debug-auto-launch, startup: true, activationEvent: '*'
[2022-01-31 20:43:43.131] [exthost] [info] ExtensionService#_doActivateExtension vscode.git-base, startup: true, activationEvent: '*', root cause: vscode.github
[2022-01-31 20:43:43.133] [exthost] [info] ExtensionService#_doActivateExtension naumovs.color-highlight, startup: true, activationEvent: '*'
[2022-01-31 20:43:43.168] [exthost] [info] ExtensionService#_doActivateExtension vscode.git, startup: true, activationEvent: '*'
[2022-01-31 20:43:43.181] [exthost] [info] ExtensionService#_doActivateExtension vscode.github, startup: true, activationEvent: '*'
[2022-01-31 20:43:43.214] [exthost] [info] Eager extensions activated
[2022-01-31 20:43:43.238] [exthost] [info] ExtensionService#_doActivateExtension vscode.emmet, startup: false, activationEvent: 'onStartupFinished'
[2022-01-31 20:43:43.243] [exthost] [info] ExtensionService#_doActivateExtension vscode.merge-conflict, startup: false, activationEvent: 'onStartupFinished'
[2022-01-31 20:44:02.023] [exthost] [info] extension host terminating: renderer closed the socket
[2022-01-31 20:44:02.034] [exthost] [info] Extension host with pid 193512 exiting with code 0
[2022-01-31 20:44:03.619] [exthost] [info] Extension host with pid 194375 started
[2022-01-31 20:44:03.619] [exthost] [info] Skipping acquiring lock for /home/xcr/.config/VSCodium/User/workspaceStorage/1b2675baff4466b5a922b887d39216c7.
[2022-01-31 20:44:03.700] [exthost] [info] ExtensionService#_doActivateExtension vscode.debug-auto-launch, startup: true, activationEvent: '*'
[2022-01-31 20:44:03.703] [exthost] [info] ExtensionService#_doActivateExtension vscode.git-base, startup: true, activationEvent: '*', root cause: vscode.github
[2022-01-31 20:44:03.705] [exthost] [info] ExtensionService#_doActivateExtension naumovs.color-highlight, startup: true, activationEvent: '*'
[2022-01-31 20:44:03.863] [exthost] [info] ExtensionService#_doActivateExtension vscode.git, startup: true, activationEvent: '*'
[2022-01-31 20:44:03.873] [exthost] [info] ExtensionService#_doActivateExtension vscode.github, startup: true, activationEvent: '*'
[2022-01-31 20:44:03.897] [exthost] [info] Eager extensions activated
[2022-01-31 20:44:03.909] [exthost] [info] ExtensionService#_doActivateExtension vscode.emmet, startup: false, activationEvent: 'onStartupFinished'
[2022-01-31 20:44:03.913] [exthost] [info] ExtensionService#_doActivateExtension vscode.merge-conflict, startup: false, activationEvent: 'onStartupFinished'
[2022-01-31 20:48:32.831] [exthost] [info] extension host terminating: renderer closed the socket
[2022-01-31 20:48:32.845] [exthost] [info] Extension host with pid 194375 exiting with code 0
