[2022-01-26 12:37:14.590] [exthost] [info] Extension host with pid 32914 started
[2022-01-26 12:37:14.622] [exthost] [info] ExtensionService#_doActivateExtension vscode.debug-auto-launch, startup: true, activationEvent: '*'
[2022-01-26 12:37:14.624] [exthost] [info] ExtensionService#_doActivateExtension vscode.git-base, startup: true, activationEvent: '*', root cause: vscode.github
[2022-01-26 12:37:14.631] [exthost] [info] ExtensionService#_doActivateExtension vscode.git, startup: true, activationEvent: '*'
[2022-01-26 12:37:14.677] [exthost] [info] ExtensionService#_doActivateExtension vscode.github, startup: true, activationEvent: '*'
[2022-01-26 12:37:14.706] [exthost] [info] Eager extensions activated
[2022-01-26 12:37:14.737] [exthost] [info] ExtensionService#_doActivateExtension vscode.emmet, startup: false, activationEvent: 'onStartupFinished'
[2022-01-26 12:37:14.743] [exthost] [info] ExtensionService#_doActivateExtension vscode.merge-conflict, startup: false, activationEvent: 'onStartupFinished'
[2022-01-26 12:37:55.619] [exthost] [info] ExtensionService#_doActivateExtension sndst00m.starfall-visual-studio-code, startup: false, activationEvent: 'onStartupFinished'
[2022-01-26 12:37:55.631] [exthost] [error] Activating extension sndst00m.starfall-visual-studio-code failed due to an error:
[2022-01-26 12:37:55.632] [exthost] [error] SyntaxError: /home/xcr/.vscode-oss/extensions/sndst00m.starfall-visual-studio-code-0.5.0/themes/starfall-color-theme.json: Unexpected token } in JSON at position 56381
	at parse (<anonymous>)
	at Object.Module._extensions..json (internal/modules/cjs/loader.js:1122:22)
	at Module.load (internal/modules/cjs/loader.js:935:32)
	at Module._load (internal/modules/cjs/loader.js:776:14)
	at Function.f._load (electron/js2c/asar_bundle.js:5:12913)
	at Function.t._load (/usr/share/vscodium/resources/app/out/vs/workbench/services/extensions/node/extensionHostProcess.js:114:32222)
	at Function.p._load (/usr/share/vscodium/resources/app/out/vs/workbench/services/extensions/node/extensionHostProcess.js:114:28887)
	at Function.f._load (/usr/share/vscodium/resources/app/out/vs/workbench/services/extensions/node/extensionHostProcess.js:104:61699)
	at Module.require (internal/modules/cjs/loader.js:959:19)
	at require (internal/modules/cjs/helpers.js:88:18)
	at Function.r [as __$__nodeRequire] (/usr/share/vscodium/resources/app/out/vs/loader.js:5:101)
	at v._loadCommonJSModule (/usr/share/vscodium/resources/app/out/vs/workbench/services/extensions/node/extensionHostProcess.js:114:30297)
	at v._doActivateExtension (/usr/share/vscodium/resources/app/out/vs/workbench/services/extensions/node/extensionHostProcess.js:100:12958)
	at v._activateExtension (/usr/share/vscodium/resources/app/out/vs/workbench/services/extensions/node/extensionHostProcess.js:100:11931)
	at processTicksAndRejections (internal/process/task_queues.js:93:5)
	at async Promise.all (index 0)
	at async v.$activate (/usr/share/vscodium/resources/app/out/vs/workbench/services/extensions/node/extensionHostProcess.js:100:20806)
[2022-01-26 12:39:17.115] [exthost] [info] extension host terminating: renderer closed the socket
[2022-01-26 12:39:17.127] [exthost] [info] Extension host with pid 32914 exiting with code 0
